[debug] [2025-06-11T01:46:06.094Z] ----------------------------------------------------------------------
[debug] [2025-06-11T01:46:06.095Z] Command:       /opt/homebrew/Cellar/node/23.11.0/bin/node /opt/homebrew/bin/firebase functions:shell
[debug] [2025-06-11T01:46:06.095Z] CLI Version:   14.6.0
[debug] [2025-06-11T01:46:06.095Z] Platform:      darwin
[debug] [2025-06-11T01:46:06.096Z] Node Version:  v23.11.0
[debug] [2025-06-11T01:46:06.096Z] Time:          Tue Jun 10 2025 21:46:06 GMT-0400 (Eastern Daylight Time)
[debug] [2025-06-11T01:46:06.096Z] ----------------------------------------------------------------------
[debug] 
[debug] [2025-06-11T01:46:06.159Z] > command requires scopes: ["email","openid","https://www.googleapis.com/auth/cloudplatformprojects.readonly","https://www.googleapis.com/auth/firebase","https://www.googleapis.com/auth/cloud-platform"]
[debug] [2025-06-11T01:46:06.159Z] > authorizing via signed-in user (jessekhach@gmail.com)
[debug] [2025-06-11T01:46:06.159Z] [iam] checking project movefully-dev for permissions ["firebase.projects.get"]
[debug] [2025-06-11T01:46:06.160Z] Checked if tokens are valid: true, expires at: 1749609621799
[debug] [2025-06-11T01:46:06.160Z] Checked if tokens are valid: true, expires at: 1749609621799
[debug] [2025-06-11T01:46:06.160Z] >>> [apiv2][query] POST https://cloudresourcemanager.googleapis.com/v1/projects/movefully-dev:testIamPermissions [none]
[debug] [2025-06-11T01:46:06.160Z] >>> [apiv2][(partial)header] POST https://cloudresourcemanager.googleapis.com/v1/projects/movefully-dev:testIamPermissions x-goog-quota-user=projects/movefully-dev
[debug] [2025-06-11T01:46:06.160Z] >>> [apiv2][body] POST https://cloudresourcemanager.googleapis.com/v1/projects/movefully-dev:testIamPermissions {"permissions":["firebase.projects.get"]}
[debug] [2025-06-11T01:46:06.389Z] <<< [apiv2][status] POST https://cloudresourcemanager.googleapis.com/v1/projects/movefully-dev:testIamPermissions 200
[debug] [2025-06-11T01:46:06.389Z] <<< [apiv2][body] POST https://cloudresourcemanager.googleapis.com/v1/projects/movefully-dev:testIamPermissions {"permissions":["firebase.projects.get"]}
[warn] ⚠  functions: Functions Emulator unable to start on port 5000, starting on 5001 instead. {"metadata":{"emulator":{"name":"functions"},"message":"Functions Emulator unable to start on port 5000, starting on 5001 instead."}}
[debug] [2025-06-11T01:46:06.502Z] [functions] Functions Emulator only supports listening on one address (127.0.0.1). Not listening on ::1
[debug] [2025-06-11T01:46:06.566Z] defaultcredentials: writing to file /Users/jessekhachmanian/.config/firebase/jessekhach_gmail_com_application_default_credentials.json
[debug] [2025-06-11T01:46:06.567Z] DEBUG: Setting GAC to /Users/jessekhachmanian/.config/firebase/jessekhach_gmail_com_application_default_credentials.json
[debug] [2025-06-11T01:46:06.567Z] Checked if tokens are valid: true, expires at: 1749609621799
[debug] [2025-06-11T01:46:06.567Z] Checked if tokens are valid: true, expires at: 1749609621799
[debug] [2025-06-11T01:46:06.567Z] >>> [apiv2][query] GET https://firebase.googleapis.com/v1beta1/projects/movefully-dev/adminSdkConfig [none]
[debug] [2025-06-11T01:46:06.997Z] <<< [apiv2][status] GET https://firebase.googleapis.com/v1beta1/projects/movefully-dev/adminSdkConfig 200
[debug] [2025-06-11T01:46:06.998Z] <<< [apiv2][body] GET https://firebase.googleapis.com/v1beta1/projects/movefully-dev/adminSdkConfig {"projectId":"movefully-dev","storageBucket":"movefully-dev.firebasestorage.app"}
[debug] [2025-06-11T01:46:07.010Z] [functions] Watching "/Users/jessekhachmanian/Documents/GitHub/movefully/functions" for Cloud Functions...
[debug] [2025-06-11T01:46:07.015Z] Validating nodejs source
[warn] ⚠  functions: package.json indicates an outdated version of firebase-functions. Please upgrade using npm install --save firebase-functions@latest in your functions directory. 
[warn] ⚠  functions: Please note that there will be breaking changes when you upgrade. 
[debug] [2025-06-11T01:46:07.400Z] > [functions] package.json contents: {
  "name": "functions",
  "description": "Cloud Functions for Movefully",
  "scripts": {
    "lint": "eslint .",
    "serve": "firebase emulators:start --only functions",
    "shell": "firebase functions:shell",
    "start": "npm run shell",
    "deploy": "firebase deploy --only functions",
    "logs": "firebase functions:log"
  },
  "engines": {
    "node": "18"
  },
  "main": "index.js",
  "dependencies": {
    "firebase-admin": "^12.1.0",
    "firebase-functions": "^5.0.0"
  },
  "devDependencies": {
    "eslint": "^8.15.0",
    "eslint-config-google": "^0.14.0"
  },
  "private": true
}
[debug] [2025-06-11T01:46:07.400Z] Building nodejs source
[debug] [2025-06-11T01:46:07.401Z] Failed to find version of module node: reached end of search path /Users/jessekhachmanian/Documents/GitHub/movefully/functions/node_modules
[warn] ⚠  functions: Your requested "node" version "18" doesn't match your global version "23". Using node@23 from host. 
[debug] [2025-06-11T01:46:07.401Z] Could not find functions.yaml. Must use http discovery
[debug] [2025-06-11T01:46:07.405Z] Found firebase-functions binary at '/Users/jessekhachmanian/Documents/GitHub/movefully/functions/node_modules/.bin/firebase-functions'
[info] Serving at port 8099

[debug] [2025-06-11T01:46:07.541Z] Got response from /__/functions.yaml {"endpoints":{"dailyPlanPromotion":{"availableMemoryMb":null,"timeoutSeconds":null,"minInstances":null,"maxInstances":null,"ingressSettings":null,"concurrency":null,"serviceAccountEmail":null,"vpc":null,"platform":"gcfv2","labels":{},"scheduleTrigger":{"schedule":"0 6 * * *","retryConfig":{},"timeZone":"America/New_York"},"entryPoint":"dailyPlanPromotion"},"manualPlanPromotion":{"availableMemoryMb":null,"timeoutSeconds":null,"minInstances":null,"maxInstances":null,"ingressSettings":null,"concurrency":null,"serviceAccountEmail":null,"vpc":null,"platform":"gcfv2","labels":{},"scheduleTrigger":{"schedule":"every 24 hours","retryConfig":{}},"entryPoint":"manualPlanPromotion"}},"specVersion":"v1alpha1","requiredAPIs":[{"api":"cloudscheduler.googleapis.com","reason":"Needed for scheduled functions."}],"extensions":{}}
[debug] [2025-06-11T01:46:11.561Z] [functions] Loaded functions definitions from source: dailyPlanPromotion, manualPlanPromotion.
[debug] [2025-06-11T01:46:11.562Z] [functions[us-central1-dailyPlanPromotion]] function ignored because the pubsub emulator does not exist or is not running.
[debug] [2025-06-11T01:46:11.562Z] [functions[us-central1-manualPlanPromotion]] function ignored because the pubsub emulator does not exist or is not running.
[info] i  functions: Loaded functions: dailyPlanPromotion, manualPlanPromotion 
[warn] ⚠  functions: The following emulators are not running, calls to these services will affect production: firestore, database, pubsub, storage, eventarc, tasks 
